<?xml version="1.0" encoding="UTF-8"?>
<testsuite name="de.phonebook.tests.HomePageTests" tests="1" skipped="0" failures="0" errors="0" timestamp="2026-08-18T10:58:24.960Z" hostname="AIT-PC" time="0.203">
  <properties/>
  <testcase name="isHomeComponentPresentTest" classname="de.phonebook.tests.HomePageTests" time="0.046"/>
  <system-out><![CDATA[12:58:25.040 [Test worker] INFO  de.phonebook.core.TestBase -- Start test isHomeComponentPresentTest with data: []
12:58:25.180 [Test worker] INFO  de.phonebook.core.TestBase -- PASSED: isHomeComponentPresentTest
12:58:25.181 [Test worker] INFO  de.phonebook.core.TestBase -- Stop Test
12:58:25.182 [Test worker] INFO  de.phonebook.core.TestBase -- **************************************************************
]]></system-out>
  <system-err><![CDATA[]]></system-err>
</testsuite>
